<?xml version="1.0" encoding="UTF-8"?><testsuite errors="0" failures="1" name="com.herokuapp.booker.bookininfo.BookingCURDTest" skipped="0" tests="1" time="3.39" timestamp="2023-08-06T18:18:00.450+01:00[Europe/London]"><testcase classname="com.herokuapp.booker.bookininfo.BookingCURDTest" name="Update the booking"><failure message="1 expectation failed.&#10;Expected status code &lt;200&gt; but was &lt;403&gt;.&#10;" type="java.lang.AssertionError">1 expectation failed.
Expected status code &lt;200&gt; but was &lt;403&gt;.
</failure><system-err>1 expectation failed.
Expected status code &lt;200&gt; but was &lt;403&gt;.
&#13;
io.restassured.internal.ResponseSpecificationImpl.validateResponseIfRequired(ResponseSpecificationImpl.groovy:636)&#13;
io.restassured.internal.ResponseSpecificationImpl.statusCode(ResponseSpecificationImpl.groovy:122)&#13;
io.restassured.internal.ResponseSpecificationImpl.statusCode(ResponseSpecificationImpl.groovy:130)&#13;
io.restassured.internal.ValidatableResponseOptionsImpl.statusCode(ValidatableResponseOptionsImpl.java:117)&#13;
com.herokuapp.booker.bookininfo.BookingCURDTest.test003(BookingCURDTest.java:64)&#13;
</system-err></testcase></testsuite>